  character.cpp
  enemyCharacter.cpp
C:\Users\drevc\Desktop\School\Cpts 122\PA9\PA9\PA9\character.hpp(22,18): error C4430: missing type specifier - int assumed. Note: C++ does not support default-int
  (compiling source file 'character.cpp')
  
C:\Users\drevc\Desktop\School\Cpts 122\PA9\PA9\PA9\character.hpp(22,28): error C2143: syntax error: missing ',' before '&'
  (compiling source file 'character.cpp')
  
C:\Users\drevc\Desktop\School\Cpts 122\PA9\PA9\PA9\character.hpp(33,6): error C2143: syntax error: missing ';' before '&'
  (compiling source file 'character.cpp')
  
C:\Users\drevc\Desktop\School\Cpts 122\PA9\PA9\PA9\character.hpp(33,2): error C4430: missing type specifier - int assumed. Note: C++ does not support default-int
  (compiling source file 'character.cpp')
  
C:\Users\drevc\Desktop\School\Cpts 122\PA9\PA9\PA9\character.hpp(33,24): error C2238: unexpected token(s) preceding ';'
  (compiling source file 'character.cpp')
  
C:\Users\drevc\Desktop\School\Cpts 122\PA9\PA9\PA9\character.hpp(46,7): error C3646: 'MoveSet': unknown override specifier
  (compiling source file 'character.cpp')
  
C:\Users\drevc\Desktop\School\Cpts 122\PA9\PA9\PA9\character.hpp(46,14): error C2143: syntax error: missing ',' before '['
  (compiling source file 'character.cpp')
  
C:\Users\drevc\Desktop\School\Cpts 122\PA9\PA9\PA9\character.hpp(46,17): error C2238: unexpected token(s) preceding ';'
  (compiling source file 'character.cpp')
  
C:\Users\drevc\Desktop\School\Cpts 122\PA9\PA9\PA9\character.cpp(55,17): error C2039: 'setStatusEffects': is not a member of 'Character'
      C:\Users\drevc\Desktop\School\Cpts 122\PA9\PA9\PA9\character.hpp(6,7):
      see declaration of 'Character'
  
C:\Users\drevc\Desktop\School\Cpts 122\PA9\PA9\PA9\character.cpp(57,2): error C2355: 'this': can only be referenced inside non-static member functions or non-static data member initializers
C:\Users\drevc\Desktop\School\Cpts 122\PA9\PA9\PA9\character.cpp(57,22): error C2065: 'index': undeclared identifier
C:\Users\drevc\Desktop\School\Cpts 122\PA9\PA9\PA9\character.cpp(57,31): error C2065: 'turns': undeclared identifier
C:\Users\drevc\Desktop\School\Cpts 122\PA9\PA9\PA9\character.cpp(58,2): error C2355: 'this': can only be referenced inside non-static member functions or non-static data member initializers
C:\Users\drevc\Desktop\School\Cpts 122\PA9\PA9\PA9\character.cpp(58,22): error C2065: 'index': undeclared identifier
C:\Users\drevc\Desktop\School\Cpts 122\PA9\PA9\PA9\character.cpp(58,31): error C7732: expected an expression before ']'
C:\Users\drevc\Desktop\School\Cpts 122\PA9\PA9\PA9\character.cpp(58,35): error C2065: 'strength': undeclared identifier
C:\Users\drevc\Desktop\School\Cpts 122\PA9\PA9\PA9\character.cpp(61,17): error C2511: 'void Character::setMoveSet(const Moves &)': overloaded member function not found in 'Character'
      C:\Users\drevc\Desktop\School\Cpts 122\PA9\PA9\PA9\character.hpp(6,7):
      see declaration of 'Character'
  
C:\Users\drevc\Desktop\School\Cpts 122\PA9\PA9\PA9\character.cpp(63,3): error C2065: 'MoveSet': undeclared identifier
C:\Users\drevc\Desktop\School\Cpts 122\PA9\PA9\PA9\character.cpp(106,17): error C2039: 'getStatusEffect': is not a member of 'Character'
      C:\Users\drevc\Desktop\School\Cpts 122\PA9\PA9\PA9\character.hpp(6,7):
      see declaration of 'Character'
  
C:\Users\drevc\Desktop\School\Cpts 122\PA9\PA9\PA9\character.cpp(108,9): error C2355: 'this': can only be referenced inside non-static member functions or non-static data member initializers
C:\Users\drevc\Desktop\School\Cpts 122\PA9\PA9\PA9\character.cpp(111,19): error C2039: 'getMoveSet': is not a member of 'Character'
      C:\Users\drevc\Desktop\School\Cpts 122\PA9\PA9\PA9\character.hpp(6,7):
      see declaration of 'Character'
  
C:\Users\drevc\Desktop\School\Cpts 122\PA9\PA9\PA9\character.cpp(113,10): error C2355: 'this': can only be referenced inside non-static member functions or non-static data member initializers
C:\Users\drevc\Desktop\School\Cpts 122\PA9\PA9\PA9\character.hpp(22,18): error C4430: missing type specifier - int assumed. Note: C++ does not support default-int
  (compiling source file 'enemyCharacter.cpp')
  
C:\Users\drevc\Desktop\School\Cpts 122\PA9\PA9\PA9\character.hpp(22,28): error C2143: syntax error: missing ',' before '&'
  (compiling source file 'enemyCharacter.cpp')
  
C:\Users\drevc\Desktop\School\Cpts 122\PA9\PA9\PA9\character.hpp(33,6): error C2143: syntax error: missing ';' before '&'
  (compiling source file 'enemyCharacter.cpp')
  
C:\Users\drevc\Desktop\School\Cpts 122\PA9\PA9\PA9\character.hpp(33,2): error C4430: missing type specifier - int assumed. Note: C++ does not support default-int
  (compiling source file 'enemyCharacter.cpp')
  
C:\Users\drevc\Desktop\School\Cpts 122\PA9\PA9\PA9\character.hpp(33,24): error C2238: unexpected token(s) preceding ';'
  (compiling source file 'enemyCharacter.cpp')
  
C:\Users\drevc\Desktop\School\Cpts 122\PA9\PA9\PA9\character.hpp(46,7): error C3646: 'MoveSet': unknown override specifier
  (compiling source file 'enemyCharacter.cpp')
  
C:\Users\drevc\Desktop\School\Cpts 122\PA9\PA9\PA9\character.hpp(46,14): error C2143: syntax error: missing ',' before '['
  (compiling source file 'enemyCharacter.cpp')
  
C:\Users\drevc\Desktop\School\Cpts 122\PA9\PA9\PA9\character.hpp(46,17): error C2238: unexpected token(s) preceding ';'
  (compiling source file 'enemyCharacter.cpp')
  
  main.cpp
C:\Users\drevc\Desktop\School\Cpts 122\PA9\PA9\PA9\main.cpp(2,10): error C1083: Cannot open include file: 'Screen.hpp': No such file or directory
  Generating Code...
